In file included from ../src/bufferutil.cc:15:0:
/home/mark/boundless-keys/visualization/node_modules/socket.io/node_modules/socket.io-client/node_modules/ws/node_modules/nan/nan.h:244:13: error: ‘node::smalloc’ has not been declared
/home/mark/boundless-keys/visualization/node_modules/socket.io/node_modules/socket.io-client/node_modules/ws/node_modules/nan/nan.h:244:35: error: expected ‘,’ or ‘...’ before ‘callback’
/home/mark/boundless-keys/visualization/node_modules/socket.io/node_modules/socket.io-client/node_modules/ws/node_modules/nan/nan.h: In function ‘v8::Local<v8::Object> NanNewBufferHandle(char*, size_t, int)’:
/home/mark/boundless-keys/visualization/node_modules/socket.io/node_modules/socket.io-client/node_modules/ws/node_modules/nan/nan.h:246:44: error: ‘callback’ was not declared in this scope
/home/mark/boundless-keys/visualization/node_modules/socket.io/node_modules/socket.io-client/node_modules/ws/node_modules/nan/nan.h:246:54: error: ‘hint’ was not declared in this scope
/home/mark/boundless-keys/visualization/node_modules/socket.io/node_modules/socket.io-client/node_modules/ws/node_modules/nan/nan.h: In function ‘v8::Local<v8::Object> NanBufferUse(char*, uint32_t)’:
/home/mark/boundless-keys/visualization/node_modules/socket.io/node_modules/socket.io-client/node_modules/ws/node_modules/nan/nan.h:259:12: error: ‘Use’ is not a member of ‘node::Buffer’
/home/mark/boundless-keys/visualization/node_modules/socket.io/node_modules/socket.io-client/node_modules/ws/node_modules/nan/nan.h: In function ‘v8::Local<v8::Context> NanNewContextHandle(v8::ExtensionConfiguration*, v8::Handle<v8::ObjectTemplate>, v8::Handle<v8::Value>)’:
/home/mark/boundless-keys/visualization/node_modules/socket.io/node_modules/socket.io-client/node_modules/ws/node_modules/nan/nan.h:284:45: error: no matching function for call to ‘v8::Context::New(v8::Isolate*&, v8::ExtensionConfiguration*&, v8::Handle<v8::ObjectTemplate>&, v8::Handle<v8::Value>&)’
/home/mark/boundless-keys/visualization/node_modules/socket.io/node_modules/socket.io-client/node_modules/ws/node_modules/nan/nan.h:284:45: note: candidate is:
/home/mark/.node-gyp/0.11.0/deps/v8/include/v8.h:3871:30: note: static v8::Persistent<v8::Context> v8::Context::New(v8::ExtensionConfiguration*, v8::Handle<v8::ObjectTemplate>, v8::Handle<v8::Value>)
/home/mark/.node-gyp/0.11.0/deps/v8/include/v8.h:3871:30: note:   candidate expects 3 arguments, 4 provided
/home/mark/boundless-keys/visualization/node_modules/socket.io/node_modules/socket.io-client/node_modules/ws/node_modules/nan/nan.h: In constructor ‘NanCallback::NanCallback(const v8::Local<v8::Function>&)’:
/home/mark/boundless-keys/visualization/node_modules/socket.io/node_modules/socket.io-client/node_modules/ws/node_modules/nan/nan.h:452:5: error: ‘class v8::Persistent<v8::Object>’ has no member named ‘Reset’
/home/mark/boundless-keys/visualization/node_modules/socket.io/node_modules/socket.io-client/node_modules/ws/node_modules/nan/nan.h: In destructor ‘NanCallback::~NanCallback()’:
/home/mark/boundless-keys/visualization/node_modules/socket.io/node_modules/socket.io-client/node_modules/ws/node_modules/nan/nan.h:457:20: warning: ‘void v8::Persistent<T>::Dispose() [with T = v8::Object]’ is deprecated (declared at /home/mark/.node-gyp/0.11.0/deps/v8/include/v8.h:4502) [-Wdeprecated-declarations]
../src/bufferutil.cc: At global scope:
../src/bufferutil.cc:37:10: error: ‘FunctionCallbackInfo’ in namespace ‘v8’ does not name a type
../src/bufferutil.cc:37:10: error: ISO C++ forbids declaration of ‘parameter’ with no type [-fpermissive]
../src/bufferutil.cc:37:10: error: expected ‘,’ or ‘...’ before ‘<’ token
../src/bufferutil.cc:45:10: error: ‘FunctionCallbackInfo’ in namespace ‘v8’ does not name a type
../src/bufferutil.cc:45:10: error: ISO C++ forbids declaration of ‘parameter’ with no type [-fpermissive]
../src/bufferutil.cc:45:10: error: expected ‘,’ or ‘...’ before ‘<’ token
../src/bufferutil.cc:63:10: error: ‘FunctionCallbackInfo’ in namespace ‘v8’ does not name a type
../src/bufferutil.cc:63:10: error: ISO C++ forbids declaration of ‘parameter’ with no type [-fpermissive]
../src/bufferutil.cc:63:10: error: expected ‘,’ or ‘...’ before ‘<’ token
../src/bufferutil.cc:84:10: error: ‘FunctionCallbackInfo’ in namespace ‘v8’ does not name a type
../src/bufferutil.cc:84:10: error: ISO C++ forbids declaration of ‘parameter’ with no type [-fpermissive]
../src/bufferutil.cc:84:10: error: expected ‘,’ or ‘...’ before ‘<’ token
../src/bufferutil.cc: In static member function ‘static void BufferUtil::Initialize(v8::Handle<v8::Object>)’:
../src/bufferutil.cc:27:58: error: invalid conversion from ‘void (*)(int)’ to ‘v8::InvocationCallback {aka v8::Handle<v8::Value> (*)(const v8::Arguments&)}’ [-fpermissive]
/home/mark/.node-gyp/0.11.0/deps/v8/include/v8.h:2323:34: error:   initializing argument 1 of ‘static v8::Local<v8::FunctionTemplate> v8::FunctionTemplate::New(v8::InvocationCallback, v8::Handle<v8::Value>, v8::Handle<v8::Signature>, int)’ [-fpermissive]
../src/bufferutil.cc:29:52: error: no matching function for call to ‘SetMethod(v8::Local<v8::FunctionTemplate>&, const char [7], void (&)(int))’
../src/bufferutil.cc:29:52: note: candidate is:
/home/mark/.node-gyp/0.11.0/src/node.h:114:6: note: template<class target_t> void node::SetMethod(target_t, const char*, v8::InvocationCallback)
../src/bufferutil.cc:30:48: error: no matching function for call to ‘SetMethod(v8::Local<v8::FunctionTemplate>&, const char [5], void (&)(int))’
../src/bufferutil.cc:30:48: note: candidate is:
/home/mark/.node-gyp/0.11.0/src/node.h:114:6: note: template<class target_t> void node::SetMethod(target_t, const char*, v8::InvocationCallback)
../src/bufferutil.cc:31:50: error: no matching function for call to ‘SetMethod(v8::Local<v8::FunctionTemplate>&, const char [6], void (&)(int))’
../src/bufferutil.cc:31:50: note: candidate is:
/home/mark/.node-gyp/0.11.0/src/node.h:114:6: note: template<class target_t> void node::SetMethod(target_t, const char*, v8::InvocationCallback)
../src/bufferutil.cc: In static member function ‘static void BufferUtil::New(int)’:
../src/bufferutil.cc:41:22: error: ‘args’ was not declared in this scope
../src/bufferutil.cc:42:5: error: return-statement with a value, in function returning 'void' [-fpermissive]
../src/bufferutil.cc: In static member function ‘static void BufferUtil::Merge(int)’:
../src/bufferutil.cc:48:31: error: ‘args’ was not declared in this scope
../src/bufferutil.cc:60:5: error: return-statement with a value, in function returning 'void' [-fpermissive]
../src/bufferutil.cc: In static member function ‘static void BufferUtil::Unmask(int)’:
../src/bufferutil.cc:66:32: error: ‘args’ was not declared in this scope
../src/bufferutil.cc:81:5: error: return-statement with a value, in function returning 'void' [-fpermissive]
../src/bufferutil.cc: In static member function ‘static void BufferUtil::Mask(int)’:
../src/bufferutil.cc:87:32: error: ‘args’ was not declared in this scope
../src/bufferutil.cc:106:5: error: return-statement with a value, in function returning 'void' [-fpermissive]
In file included from ../src/bufferutil.cc:7:0:
/home/mark/.node-gyp/0.11.0/deps/v8/include/v8.h: In constructor ‘v8::Local<T>::Local(S*) [with S = node::Buffer, T = v8::Object]’:
/home/mark/boundless-keys/visualization/node_modules/socket.io/node_modules/socket.io-client/node_modules/ws/node_modules/nan/nan.h:251:40:   instantiated from here
/home/mark/.node-gyp/0.11.0/deps/v8/include/v8.h:303:22: error: no matching function for call to ‘v8::Handle<v8::Object>::Handle(node::Buffer*&)’
/home/mark/.node-gyp/0.11.0/deps/v8/include/v8.h:303:22: note: candidates are:
/home/mark/.node-gyp/0.11.0/deps/v8/include/v8.h:218:22: note: template<class S> v8::Handle::Handle(v8::Handle<S>)
/home/mark/.node-gyp/0.11.0/deps/v8/include/v8.h:206:3: note: v8::Handle<T>::Handle(T*) [with T = v8::Object]
/home/mark/.node-gyp/0.11.0/deps/v8/include/v8.h:206:3: note:   no known conversion for argument 1 from ‘node::Buffer*’ to ‘v8::Object*’
/home/mark/.node-gyp/0.11.0/deps/v8/include/v8.h:201:3: note: v8::Handle<T>::Handle() [with T = v8::Object]
/home/mark/.node-gyp/0.11.0/deps/v8/include/v8.h:201:3: note:   candidate expects 0 arguments, 1 provided
/home/mark/.node-gyp/0.11.0/deps/v8/include/v8.h:196:26: note: v8::Handle<v8::Object>::Handle(const v8::Handle<v8::Object>&)
/home/mark/.node-gyp/0.11.0/deps/v8/include/v8.h:196:26: note:   no known conversion for argument 1 from ‘node::Buffer*’ to ‘const v8::Handle<v8::Object>&’
In file included from ../src/bufferutil.cc:15:0:
/home/mark/boundless-keys/visualization/node_modules/socket.io/node_modules/socket.io-client/node_modules/ws/node_modules/nan/nan.h: In function ‘v8::Local<T> NanPersistentToLocal(const v8::Persistent<S>&) [with TypeName = v8::FunctionTemplate]’:
/home/mark/boundless-keys/visualization/node_modules/socket.io/node_modules/socket.io-client/node_modules/ws/node_modules/nan/nan.h:276:50:   instantiated from here
/home/mark/boundless-keys/visualization/node_modules/socket.io/node_modules/socket.io-client/node_modules/ws/node_modules/nan/nan.h:265:5: warning: ‘bool v8::Persistent<T>::IsWeak() const [with T = v8::FunctionTemplate]’ is deprecated (declared at /home/mark/.node-gyp/0.11.0/deps/v8/include/v8.h:4486) [-Wdeprecated-declarations]
/home/mark/boundless-keys/visualization/node_modules/socket.io/node_modules/socket.io-client/node_modules/ws/node_modules/nan/nan.h: In function ‘v8::Local<T> NanPersistentToLocal(const v8::Persistent<S>&) [with TypeName = v8::Object]’:
/home/mark/boundless-keys/visualization/node_modules/socket.io/node_modules/socket.io-client/node_modules/ws/node_modules/nan/nan.h:462:39:   instantiated from here
/home/mark/boundless-keys/visualization/node_modules/socket.io/node_modules/socket.io-client/node_modules/ws/node_modules/nan/nan.h:265:5: warning: ‘bool v8::Persistent<T>::IsWeak() const [with T = v8::Object]’ is deprecated (declared at /home/mark/.node-gyp/0.11.0/deps/v8/include/v8.h:4486) [-Wdeprecated-declarations]
make: *** [Release/obj.target/bufferutil/src/bufferutil.o] Error 1
gyp ERR! build error 
gyp ERR! stack Error: `make` failed with exit code: 2
gyp ERR! stack     at ChildProcess.onExit (/home/mark/.nvm/v0.11.0/lib/node_modules/npm/node_modules/node-gyp/lib/build.js:267:23)
gyp ERR! stack     at ChildProcess.EventEmitter.emit (events.js:98:17)
gyp ERR! stack     at Process.ChildProcess._handle.onexit (child_process.js:757:12)
gyp ERR! System Linux 3.6.11+
gyp ERR! command "node" "/home/mark/.nvm/v0.11.0/lib/node_modules/npm/node_modules/node-gyp/bin/node-gyp.js" "rebuild"
gyp ERR! cwd /home/mark/boundless-keys/visualization/node_modules/socket.io/node_modules/socket.io-client/node_modules/ws
gyp ERR! node -v v0.11.0
gyp ERR! node-gyp -v v0.9.3
gyp ERR! not ok 
